SF:lib/src/infra/core/reposistory/sign_in_repository.dart
DA:6,0
DA:8,0
DA:12,0
DA:13,0
DA:14,0
DA:16,0
DA:17,0
DA:18,0
DA:19,0
DA:22,0
DA:23,0
LF:11
LH:0
end_of_record
SF:lib/src/infra/demain/usecases/details_usecase_imp.dart
DA:6,1
DA:7,1
DA:9,2
DA:11,1
DA:12,2
DA:13,1
DA:14,1
DA:15,1
DA:19,2
DA:23,1
DA:25,2
DA:27,1
DA:28,0
DA:29,0
DA:30,0
DA:31,0
DA:35,2
DA:39,1
DA:44,2
DA:47,1
DA:48,2
DA:49,1
DA:50,1
DA:51,1
DA:55,2
LF:25
LH:21
end_of_record
SF:lib/src/infra/demain/usecases/sign_in_usecase_imp.dart
DA:7,1
DA:9,1
DA:12,2
DA:16,1
DA:17,1
DA:18,4
DA:20,2
LF:7
LH:7
end_of_record
SF:lib/src/infra/demain/usecases/sign_up_usecase_imp.dart
DA:6,1
DA:8,1
DA:11,2
DA:16,1
DA:17,1
DA:18,4
DA:20,2
LF:7
LH:7
end_of_record
SF:lib/src/infra/demain/usecases/task_usecase_imp.dart
DA:6,1
DA:8,1
DA:15,2
DA:18,1
DA:19,2
DA:20,1
DA:21,2
DA:24,2
DA:28,1
DA:30,2
DA:32,1
DA:33,2
DA:34,1
DA:35,1
DA:36,1
DA:40,2
DA:44,1
DA:46,2
DA:48,1
DA:49,2
DA:50,1
DA:51,1
DA:52,1
DA:56,2
DA:60,1
DA:64,2
DA:66,1
DA:67,2
DA:68,1
DA:69,1
DA:70,1
DA:74,1
LF:32
LH:32
end_of_record
SF:lib/src/infra/core/datasource/firebase/client_firebase.dart
DA:6,0
LF:1
LH:0
end_of_record
SF:lib/src/infra/core/datasource/local/task_database.dart
DA:12,0
DA:16,0
DA:19,0
DA:20,0
DA:21,0
DA:23,0
DA:24,0
LF:7
LH:0
end_of_record
SF:lib/src/infra/core/datasource/local/user_database.dart
DA:6,0
DA:10,0
DA:13,0
DA:14,0
DA:15,0
DA:17,0
DA:18,0
LF:7
LH:0
end_of_record
SF:lib/src/infra/core/models/task_model.dart
DA:12,0
DA:18,0
DA:25,0
DA:26,0
DA:27,0
DA:28,0
DA:29,0
DA:30,0
DA:34,0
DA:37,0
DA:38,0
DA:39,0
DA:40,0
DA:41,0
DA:42,0
DA:48,0
DA:50,0
DA:51,0
LF:18
LH:0
end_of_record
SF:lib/src/infra/demain/entities/task_entitie.dart
DA:10,2
DA:18,0
DA:19,0
LF:3
LH:1
end_of_record
SF:lib/src/infra/core/models/user_model.dart
DA:7,0
DA:10,0
DA:15,0
DA:18,0
DA:19,0
DA:20,0
LF:6
LH:0
end_of_record
SF:lib/src/infra/demain/entities/user_entite.dart
DA:9,2
DA:16,0
DA:17,0
DA:18,0
DA:19,0
DA:20,0
DA:21,0
LF:7
LH:1
end_of_record
SF:lib/src/infra/core/reposistory/details_repository.dart
DA:6,0
DA:8,0
DA:11,0
DA:13,0
DA:15,0
DA:16,0
DA:18,0
DA:19,0
DA:27,0
DA:30,0
DA:31,0
DA:38,0
DA:44,0
DA:46,0
DA:48,0
DA:53,0
LF:16
LH:0
end_of_record
SF:lib/src/infra/errors/exceptions.dart
DA:4,0
LF:1
LH:0
end_of_record
SF:lib/src/infra/errors/failure.dart
DA:6,16
DA:8,4
DA:9,8
LF:3
LH:3
end_of_record
SF:lib/src/infra/errors/messages/error_messages.dart
DA:13,4
DA:14,4
DA:17,4
DA:20,8
DA:23,4
DA:26,8
DA:29,4
LF:7
LH:7
end_of_record
SF:lib/src/infra/core/reposistory/sign_up_repository.dart
DA:5,0
DA:7,0
DA:11,0
DA:12,0
DA:13,0
DA:15,0
DA:16,0
DA:17,0
DA:18,0
DA:21,0
DA:22,0
LF:11
LH:0
end_of_record
SF:lib/src/infra/core/reposistory/task_repository.dart
DA:6,0
DA:8,0
DA:15,0
DA:16,0
DA:22,0
DA:30,0
DA:33,0
DA:36,0
DA:37,0
DA:38,0
DA:46,0
DA:49,0
DA:50,0
DA:59,0
DA:63,0
DA:65,0
DA:67,0
DA:71,0
LF:18
LH:0
end_of_record
SF:lib/src/infra/core/reposistory/user_local_repository.dart
DA:6,0
DA:7,0
DA:11,0
DA:12,0
DA:13,0
DA:14,0
DA:24,0
DA:27,0
DA:29,0
DA:31,0
DA:32,0
DA:34,0
DA:35,0
DA:43,0
DA:46,0
DA:47,0
LF:16
LH:0
end_of_record
SF:lib/src/infra/demain/entities/reponse_entitie.dart
DA:6,0
DA:10,0
DA:11,0
DA:12,0
DA:13,0
LF:5
LH:0
end_of_record
SF:lib/src/infra/demain/usecases/user_local_usecase_imp.dart
DA:6,0
DA:7,0
DA:10,0
DA:13,0
DA:14,0
DA:15,0
DA:16,0
DA:17,0
DA:21,0
DA:25,0
DA:27,0
DA:29,0
DA:30,0
DA:31,0
DA:32,0
DA:33,0
DA:37,0
DA:41,0
DA:43,0
DA:45,0
DA:46,0
DA:47,0
DA:48,0
DA:49,0
DA:53,0
LF:25
LH:0
end_of_record
SF:lib/src/presentation/sign_in/controller/sign_in_state.dart
DA:13,0
DA:19,0
LF:2
LH:0
end_of_record
SF:lib/src/presentation/sign_in/controller/sign_in_cubit.dart
DA:10,0
DA:11,0
DA:13,0
DA:14,0
DA:15,0
DA:18,0
DA:19,0
DA:20,0
DA:21,0
DA:22,0
DA:23,0
DA:27,0
DA:29,0
DA:30,0
DA:33,0
DA:34,0
LF:16
LH:0
end_of_record
SF:lib/src/presentation/details/controller/task_details_state.dart
DA:13,0
DA:19,0
LF:2
LH:0
end_of_record
SF:lib/src/presentation/details/controller/task_details_cubit.dart
DA:10,0
DA:11,0
DA:13,0
DA:14,0
DA:15,0
DA:16,0
DA:17,0
DA:18,0
DA:20,0
DA:21,0
DA:22,0
DA:28,0
DA:29,0
DA:32,0
DA:33,0
DA:34,0
DA:35,0
DA:36,0
DA:38,0
DA:39,0
DA:40,0
DA:42,0
DA:43,0
LF:23
LH:0
end_of_record
SF:lib/src/presentation/shared/task/task_state.dart
DA:15,0
DA:21,0
LF:2
LH:0
end_of_record
SF:lib/src/presentation/shared/task/task_cubit.dart
DA:9,0
DA:10,0
DA:13,0
DA:19,0
DA:21,0
DA:28,0
DA:29,0
DA:30,0
DA:32,0
DA:33,0
DA:38,0
DA:39,0
DA:40,0
DA:42,0
DA:43,0
DA:44,0
DA:45,0
DA:46,0
DA:47,0
DA:48,0
DA:53,0
DA:54,0
DA:55,0
DA:60,0
DA:61,0
DA:62,0
DA:63,0
DA:64,0
DA:65,0
DA:66,0
DA:67,0
DA:68,0
DA:73,0
DA:74,0
DA:75,0
DA:76,0
DA:77,0
DA:78,0
DA:79,0
DA:80,0
DA:81,0
LF:41
LH:0
end_of_record
SF:lib/src/presentation/sign_up/controller/sign_up_cubit.dart
DA:13,0
DA:14,0
DA:16,0
DA:17,0
DA:18,0
DA:21,0
DA:22,0
DA:23,0
DA:24,0
DA:25,0
DA:26,0
DA:30,0
DA:31,0
DA:33,0
DA:34,0
DA:36,0
DA:37,0
LF:17
LH:0
end_of_record
SF:lib/src/presentation/sign_up/controller/sign_up_state.dart
DA:13,0
DA:19,0
LF:2
LH:0
end_of_record
